2025-10-22T01:22:13+09:00 [INFO] (codacy-cli-v2/cli-v2.go:27) Starting Codacy CLI version=1.0.0-main.360.sha.06bb49b (06bb49b) built at 2025-10-21T10:02:19Z
2025-10-22T01:22:13+09:00 [INFO] (codacy-cli-v2/cmd/root.go:34) Executing CLI command command=init full_command=[/home/jungamer/.cache/codacy/codacy-cli-v2/1.0.0-main.360.sha.06bb49b/codacy-cli-v2 init --provider gh --organization jungamer-64 --repository rust_cms_nw --api-token ***] args=[]
2025-10-22T01:22:36+09:00 [INFO] (codacy-cli-v2/cli-v2.go:27) Starting Codacy CLI version=1.0.0-main.360.sha.06bb49b (06bb49b) built at 2025-10-21T10:02:19Z
2025-10-22T01:22:36+09:00 [INFO] (codacy-cli-v2/cmd/root.go:34) Executing CLI command full_command=[/home/jungamer/.cache/codacy/codacy-cli-v2/1.0.0-main.360.sha.06bb49b/codacy-cli-v2 init --provider gh --organization jungamer-64 --repository rust_cms_nw --api-token ***] args=[] command=init
2025-10-22T01:24:00+09:00 [INFO] (codacy-cli-v2/cli-v2.go:27) Starting Codacy CLI version=1.0.0-main.360.sha.06bb49b (06bb49b) built at 2025-10-21T10:02:19Z
2025-10-22T01:24:00+09:00 [INFO] (codacy-cli-v2/cmd/root.go:34) Executing CLI command command=init full_command=[/home/jungamer/.cache/codacy/codacy-cli-v2/1.0.0-main.360.sha.06bb49b/codacy-cli-v2 init --provider gh --organization jungamer-64 --repository rust_cms_nw --api-token ***] args=[]
2025-10-22T01:31:21+09:00 [INFO] (codacy-cli-v2/cli-v2.go:27) Starting Codacy CLI version=1.0.0-main.360.sha.06bb49b (06bb49b) built at 2025-10-21T10:02:19Z
2025-10-22T01:31:21+09:00 [INFO] (codacy-cli-v2/cmd/root.go:34) Executing CLI command command=update full_command=[/home/jungamer/.cache/codacy/codacy-cli-v2/1.0.0-main.360.sha.06bb49b/codacy-cli-v2 update] args=[]
2025-10-22T01:31:21+09:00 [INFO] (codacy-cli-v2/cli-v2.go:27) Starting Codacy CLI version=1.0.0-main.360.sha.06bb49b (06bb49b) built at 2025-10-21T10:02:19Z
2025-10-22T01:31:21+09:00 [INFO] (codacy-cli-v2/cli-v2.go:55) No configuration file was found, execute init command first.
2025-10-22T01:31:21+09:00 [INFO] (codacy-cli-v2/cli-v2.go:27) Starting Codacy CLI version=1.0.0-main.360.sha.06bb49b (06bb49b) built at 2025-10-21T10:02:19Z
2025-10-22T01:31:21+09:00 [INFO] (codacy-cli-v2/cmd/root.go:34) Executing CLI command command=init full_command=[/home/jungamer/.cache/codacy/codacy-cli-v2/1.0.0-main.360.sha.06bb49b/codacy-cli-v2 init] args=[]
2025-10-22T01:31:26+09:00 [INFO] (codacy-cli-v2/cli-v2.go:27) Starting Codacy CLI version=1.0.0-main.360.sha.06bb49b (06bb49b) built at 2025-10-21T10:02:19Z
2025-10-22T01:31:26+09:00 [INFO] (codacy-cli-v2/cmd/root.go:34) Executing CLI command command=analyze full_command=[/home/jungamer/.cache/codacy/codacy-cli-v2/1.0.0-main.360.sha.06bb49b/codacy-cli-v2 analyze /mnt/lfs/home/jgm/Desktop/Rust/mokkan/mokkan_app/frontend/package.json --format sarif] args=[/mnt/lfs/home/jgm/Desktop/Rust/mokkan/mokkan_app/frontend/package.json]
2025-10-22T01:31:32+09:00 [INFO] (codacy-cli-v2/cmd/analyze.go:341) Config file found for tool tool=lizard toolConfigPath=.codacy/tools-configs/lizard.yaml
2025-10-22T01:31:32+09:00 [INFO] (codacy-cli-v2/cmd/analyze.go:341) Config file found for tool tool=pmd toolConfigPath=.codacy/tools-configs/ruleset.xml
2025-10-22T01:31:32+09:00 [DEBUG] (codacy-cli-v2/tools/pmdRunner.go:32) PMD binary path pmdBinary=/home/jungamer/.cache/codacy/tools/pmd@7.11.0/pmd-bin-7.11.0/bin/pmd
2025-10-22T01:31:32+09:00 [DEBUG] (codacy-cli-v2/tools/pmdRunner.go:98) Setting up Java environment javaHome=/home/jungamer/.cache/codacy/runtimes/jdk-17.0.10+7
2025-10-22T01:31:32+09:00 [DEBUG] (codacy-cli-v2/tools/pmdRunner.go:144) Updated environment variables javaHome=JAVA_HOME=/home/jungamer/.cache/codacy/runtimes/jdk-17.0.10+7 path=PATH=/home/jungamer/.cache/codacy/runtimes/jdk-17.0.10+7/bin:/usr/local/pgsql/bin:/usr/local/pgsql/bin:/home/jungamer/.cargo/bin:/home/jungamer/.local/bin:/usr/local/sbin:/usr/local/bin:/usr/sbin:/usr/bin:/sbin:/bin:/usr/games:/usr/local/games:/snap/bin:/snap/bin binDir=/home/jungamer/.cache/codacy/runtimes/jdk-17.0.10+7/bin javaBinary=/home/jungamer/.cache/codacy/runtimes/jdk-17.0.10+7/bin/java
2025-10-22T01:31:32+09:00 [DEBUG] (codacy-cli-v2/tools/pmdRunner.go:160) Running PMD command command=/home/jungamer/.cache/codacy/tools/pmd@7.11.0/pmd-bin-7.11.0/bin/pmd check --no-fail-on-violation -R .codacy/tools-configs/ruleset.xml -d /mnt/lfs/home/jgm/Desktop/Rust/mokkan/mokkan_app/frontend/package.json -f sarif -r /tmp/codacy-analysis-4238294998/pmd.sarif
2025-10-22T01:31:36+09:00 [DEBUG] (codacy-cli-v2/tools/revive/reviveRunner.go:53) Running Revive command command=/home/jungamer/.cache/codacy/tools/revive@1.7.0/revive -config .codacy/tools-configs/revive.toml -formatter sarif /mnt/lfs/home/jgm/Desktop/Rust/mokkan/mokkan_app/frontend/package.json
2025-10-22T01:31:36+09:00 [INFO] (codacy-cli-v2/cmd/analyze.go:341) Config file found for tool tool=semgrep toolConfigPath=.codacy/tools-configs/semgrep.yaml
2025-10-22T01:31:42+09:00 [INFO] (codacy-cli-v2/cmd/analyze.go:341) Config file found for tool tool=trivy toolConfigPath=.codacy/tools-configs/trivy.yaml
2025-10-22T01:31:48+09:00 [INFO] (codacy-cli-v2/cli-v2.go:27) Starting Codacy CLI version=1.0.0-main.360.sha.06bb49b (06bb49b) built at 2025-10-21T10:02:19Z
2025-10-22T01:31:48+09:00 [INFO] (codacy-cli-v2/cmd/root.go:34) Executing CLI command command=install full_command=[/home/jungamer/.cache/codacy/codacy-cli-v2/1.0.0-main.360.sha.06bb49b/codacy-cli-v2 install] args=[]
2025-10-22T01:31:48+09:00 [INFO] (codacy-cli-v2/cmd/install.go:72) All components are already installed
2025-10-22T01:32:00+09:00 [INFO] (codacy-cli-v2/cli-v2.go:27) Starting Codacy CLI version=1.0.0-main.360.sha.06bb49b (06bb49b) built at 2025-10-21T10:02:19Z
2025-10-22T01:32:00+09:00 [INFO] (codacy-cli-v2/cmd/root.go:34) Executing CLI command full_command=[/home/jungamer/.cache/codacy/codacy-cli-v2/1.0.0-main.360.sha.06bb49b/codacy-cli-v2 analyze /mnt/lfs/home/jgm/Desktop/Rust/mokkan/mokkan_app/package.json --format sarif] args=[/mnt/lfs/home/jgm/Desktop/Rust/mokkan/mokkan_app/package.json] command=analyze
2025-10-22T01:32:00+09:00 [INFO] (codacy-cli-v2/cmd/analyze.go:341) Config file found for tool tool=trivy toolConfigPath=.codacy/tools-configs/trivy.yaml
2025-10-22T01:32:36+09:00 [INFO] (codacy-cli-v2/cli-v2.go:27) Starting Codacy CLI version=1.0.0-main.360.sha.06bb49b (06bb49b) built at 2025-10-21T10:02:19Z
2025-10-22T01:32:36+09:00 [INFO] (codacy-cli-v2/cmd/root.go:34) Executing CLI command args=[/mnt/lfs/home/jgm/Desktop/Rust/mokkan/mokkan_app/pnpm-workspace.yaml] command=analyze full_command=[/home/jungamer/.cache/codacy/codacy-cli-v2/1.0.0-main.360.sha.06bb49b/codacy-cli-v2 analyze /mnt/lfs/home/jgm/Desktop/Rust/mokkan/mokkan_app/pnpm-workspace.yaml --format sarif]
2025-10-22T01:32:36+09:00 [INFO] (codacy-cli-v2/cmd/analyze.go:341) Config file found for tool tool=semgrep toolConfigPath=.codacy/tools-configs/semgrep.yaml
2025-10-22T01:32:41+09:00 [INFO] (codacy-cli-v2/cmd/analyze.go:341) Config file found for tool toolConfigPath=.codacy/tools-configs/trivy.yaml tool=trivy
2025-10-22T01:33:37+09:00 [INFO] (codacy-cli-v2/cli-v2.go:27) Starting Codacy CLI version=1.0.0-main.360.sha.06bb49b (06bb49b) built at 2025-10-21T10:02:19Z
2025-10-22T01:33:37+09:00 [INFO] (codacy-cli-v2/cmd/root.go:34) Executing CLI command command=discover full_command=[/home/jungamer/.cache/codacy/codacy-cli-v2/1.0.0-main.360.sha.06bb49b/codacy-cli-v2 config discover /mnt/lfs/home/jgm/Desktop/Rust/mokkan/mokkan_app/.env] args=[/mnt/lfs/home/jgm/Desktop/Rust/mokkan/mokkan_app/.env]
2025-10-22T01:33:39+09:00 [INFO] (codacy-cli-v2/cli-v2.go:27) Starting Codacy CLI version=1.0.0-main.360.sha.06bb49b (06bb49b) built at 2025-10-21T10:02:19Z
2025-10-22T01:33:39+09:00 [INFO] (codacy-cli-v2/cmd/root.go:34) Executing CLI command full_command=[/home/jungamer/.cache/codacy/codacy-cli-v2/1.0.0-main.360.sha.06bb49b/codacy-cli-v2 analyze /mnt/lfs/home/jgm/Desktop/Rust/mokkan/mokkan_app/.env --format sarif] args=[/mnt/lfs/home/jgm/Desktop/Rust/mokkan/mokkan_app/.env] command=analyze
2025-10-22T01:34:39+09:00 [INFO] (codacy-cli-v2/cli-v2.go:27) Starting Codacy CLI version=1.0.0-main.360.sha.06bb49b (06bb49b) built at 2025-10-21T10:02:19Z
2025-10-22T01:34:39+09:00 [INFO] (codacy-cli-v2/cmd/root.go:34) Executing CLI command command=analyze full_command=[/home/jungamer/.cache/codacy/codacy-cli-v2/1.0.0-main.360.sha.06bb49b/codacy-cli-v2 analyze /mnt/lfs/home/jgm/Desktop/Rust/mokkan/mokkan_app/package.json --format sarif] args=[/mnt/lfs/home/jgm/Desktop/Rust/mokkan/mokkan_app/package.json]
2025-10-22T01:34:39+09:00 [INFO] (codacy-cli-v2/cmd/analyze.go:341) Config file found for tool tool=trivy toolConfigPath=.codacy/tools-configs/trivy.yaml
2025-10-22T01:34:49+09:00 [INFO] (codacy-cli-v2/cli-v2.go:27) Starting Codacy CLI version=1.0.0-main.360.sha.06bb49b (06bb49b) built at 2025-10-21T10:02:19Z
2025-10-22T01:34:49+09:00 [INFO] (codacy-cli-v2/cmd/root.go:34) Executing CLI command command=discover full_command=[/home/jungamer/.cache/codacy/codacy-cli-v2/1.0.0-main.360.sha.06bb49b/codacy-cli-v2 config discover /mnt/lfs/home/jgm/Desktop/Rust/mokkan/mokkan_app/pnpm-workspace.yaml] args=[/mnt/lfs/home/jgm/Desktop/Rust/mokkan/mokkan_app/pnpm-workspace.yaml]
2025-10-22T01:34:51+09:00 [DEBUG] (codacy-cli-v2/cmd/config.go:181) Detected recognizable file extensions path=/mnt/lfs/home/jgm/Desktop/Rust/mokkan/mokkan_app/pnpm-workspace.yaml extensions=[.yaml (1 files)]
2025-10-22T01:34:51+09:00 [DEBUG] (codacy-cli-v2/config/detector.go:109) Found relevant tool for extension count=1 tool=trivy extension=.yaml
2025-10-22T01:34:51+09:00 [DEBUG] (codacy-cli-v2/config/detector.go:109) Found relevant tool for extension extension=.yaml count=1 tool=semgrep
2025-10-22T01:34:51+09:00 [DEBUG] (codacy-cli-v2/config/detector.go:121) Detected relevant tools for path tools=[semgrep trivy] path=/mnt/lfs/home/jgm/Desktop/Rust/mokkan/mokkan_app/pnpm-workspace.yaml
2025-10-22T01:34:53+09:00 [INFO] (codacy-cli-v2/cli-v2.go:27) Starting Codacy CLI version=1.0.0-main.360.sha.06bb49b (06bb49b) built at 2025-10-21T10:02:19Z
2025-10-22T01:34:53+09:00 [INFO] (codacy-cli-v2/cmd/root.go:34) Executing CLI command command=analyze full_command=[/home/jungamer/.cache/codacy/codacy-cli-v2/1.0.0-main.360.sha.06bb49b/codacy-cli-v2 analyze /mnt/lfs/home/jgm/Desktop/Rust/mokkan/mokkan_app/pnpm-workspace.yaml --format sarif] args=[/mnt/lfs/home/jgm/Desktop/Rust/mokkan/mokkan_app/pnpm-workspace.yaml]
2025-10-22T01:34:53+09:00 [INFO] (codacy-cli-v2/cmd/analyze.go:341) Config file found for tool toolConfigPath=.codacy/tools-configs/semgrep.yaml tool=semgrep
2025-10-22T01:34:59+09:00 [INFO] (codacy-cli-v2/cmd/analyze.go:341) Config file found for tool tool=trivy toolConfigPath=.codacy/tools-configs/trivy.yaml
2025-10-22T01:35:00+09:00 [INFO] (codacy-cli-v2/cli-v2.go:27) Starting Codacy CLI version=1.0.0-main.360.sha.06bb49b (06bb49b) built at 2025-10-21T10:02:19Z
2025-10-22T01:35:00+09:00 [INFO] (codacy-cli-v2/cmd/root.go:34) Executing CLI command command=analyze full_command=[/home/jungamer/.cache/codacy/codacy-cli-v2/1.0.0-main.360.sha.06bb49b/codacy-cli-v2 analyze /mnt/lfs/home/jgm/Desktop/Rust/mokkan/mokkan_app/1761064500797-package.json --format sarif] args=[/mnt/lfs/home/jgm/Desktop/Rust/mokkan/mokkan_app/1761064500797-package.json]
2025-10-22T01:35:00+09:00 [INFO] (codacy-cli-v2/cmd/analyze.go:341) Config file found for tool toolConfigPath=.codacy/tools-configs/trivy.yaml tool=trivy
2025-10-22T01:35:22+09:00 [INFO] (codacy-cli-v2/cli-v2.go:27) Starting Codacy CLI version=1.0.0-main.360.sha.06bb49b (06bb49b) built at 2025-10-21T10:02:19Z
2025-10-22T01:35:22+09:00 [INFO] (codacy-cli-v2/cmd/root.go:34) Executing CLI command command=analyze full_command=[/home/jungamer/.cache/codacy/codacy-cli-v2/1.0.0-main.360.sha.06bb49b/codacy-cli-v2 analyze /mnt/lfs/home/jgm/Desktop/Rust/mokkan/mokkan_app/1761064522212-package.json --format sarif] args=[/mnt/lfs/home/jgm/Desktop/Rust/mokkan/mokkan_app/1761064522212-package.json]
2025-10-22T01:35:22+09:00 [INFO] (codacy-cli-v2/cmd/analyze.go:341) Config file found for tool tool=trivy toolConfigPath=.codacy/tools-configs/trivy.yaml
2025-10-22T01:35:28+09:00 [INFO] (codacy-cli-v2/cli-v2.go:27) Starting Codacy CLI version=1.0.0-main.360.sha.06bb49b (06bb49b) built at 2025-10-21T10:02:19Z
2025-10-22T01:35:28+09:00 [INFO] (codacy-cli-v2/cmd/root.go:34) Executing CLI command command=analyze full_command=[/home/jungamer/.cache/codacy/codacy-cli-v2/1.0.0-main.360.sha.06bb49b/codacy-cli-v2 analyze /mnt/lfs/home/jgm/Desktop/Rust/mokkan/mokkan_app/package.json --format sarif] args=[/mnt/lfs/home/jgm/Desktop/Rust/mokkan/mokkan_app/package.json]
2025-10-22T01:35:28+09:00 [INFO] (codacy-cli-v2/cmd/analyze.go:341) Config file found for tool tool=trivy toolConfigPath=.codacy/tools-configs/trivy.yaml
2025-10-22T01:35:37+09:00 [INFO] (codacy-cli-v2/cli-v2.go:27) Starting Codacy CLI version=1.0.0-main.360.sha.06bb49b (06bb49b) built at 2025-10-21T10:02:19Z
2025-10-22T01:35:37+09:00 [INFO] (codacy-cli-v2/cmd/root.go:34) Executing CLI command args=[/mnt/lfs/home/jgm/Desktop/Rust/mokkan/mokkan_app/package.json] command=analyze full_command=[/home/jungamer/.cache/codacy/codacy-cli-v2/1.0.0-main.360.sha.06bb49b/codacy-cli-v2 analyze /mnt/lfs/home/jgm/Desktop/Rust/mokkan/mokkan_app/package.json --format sarif]
2025-10-22T01:35:37+09:00 [INFO] (codacy-cli-v2/cmd/analyze.go:341) Config file found for tool tool=trivy toolConfigPath=.codacy/tools-configs/trivy.yaml
2025-10-22T01:35:47+09:00 [INFO] (codacy-cli-v2/cli-v2.go:27) Starting Codacy CLI version=1.0.0-main.360.sha.06bb49b (06bb49b) built at 2025-10-21T10:02:19Z
2025-10-22T01:35:47+09:00 [INFO] (codacy-cli-v2/cmd/root.go:34) Executing CLI command command=analyze full_command=[/home/jungamer/.cache/codacy/codacy-cli-v2/1.0.0-main.360.sha.06bb49b/codacy-cli-v2 analyze /mnt/lfs/home/jgm/Desktop/Rust/mokkan/mokkan_app/package.json --format sarif] args=[/mnt/lfs/home/jgm/Desktop/Rust/mokkan/mokkan_app/package.json]
2025-10-22T01:35:47+09:00 [INFO] (codacy-cli-v2/cmd/analyze.go:341) Config file found for tool tool=trivy toolConfigPath=.codacy/tools-configs/trivy.yaml
2025-10-22T01:36:50+09:00 [INFO] (codacy-cli-v2/cli-v2.go:27) Starting Codacy CLI version=1.0.0-main.360.sha.06bb49b (06bb49b) built at 2025-10-21T10:02:19Z
2025-10-22T01:36:50+09:00 [INFO] (codacy-cli-v2/cmd/root.go:34) Executing CLI command command=analyze full_command=[/home/jungamer/.cache/codacy/codacy-cli-v2/1.0.0-main.360.sha.06bb49b/codacy-cli-v2 analyze /mnt/lfs/home/jgm/Desktop/Rust/mokkan/mokkan_app/1761064610724-package.json --format sarif] args=[/mnt/lfs/home/jgm/Desktop/Rust/mokkan/mokkan_app/1761064610724-package.json]
2025-10-22T01:36:50+09:00 [INFO] (codacy-cli-v2/cmd/analyze.go:341) Config file found for tool tool=trivy toolConfigPath=.codacy/tools-configs/trivy.yaml
2025-10-22T01:36:54+09:00 [INFO] (codacy-cli-v2/cli-v2.go:27) Starting Codacy CLI version=1.0.0-main.360.sha.06bb49b (06bb49b) built at 2025-10-21T10:02:19Z
2025-10-22T01:36:54+09:00 [INFO] (codacy-cli-v2/cmd/root.go:34) Executing CLI command command=analyze full_command=[/home/jungamer/.cache/codacy/codacy-cli-v2/1.0.0-main.360.sha.06bb49b/codacy-cli-v2 analyze /mnt/lfs/home/jgm/Desktop/Rust/mokkan/mokkan_app/package.json --format sarif] args=[/mnt/lfs/home/jgm/Desktop/Rust/mokkan/mokkan_app/package.json]
2025-10-22T01:36:54+09:00 [INFO] (codacy-cli-v2/cmd/analyze.go:341) Config file found for tool toolConfigPath=.codacy/tools-configs/trivy.yaml tool=trivy
2025-10-22T01:37:19+09:00 [INFO] (codacy-cli-v2/cli-v2.go:27) Starting Codacy CLI version=1.0.0-main.360.sha.06bb49b (06bb49b) built at 2025-10-21T10:02:19Z
2025-10-22T01:37:19+09:00 [INFO] (codacy-cli-v2/cmd/root.go:34) Executing CLI command command=analyze full_command=[/home/jungamer/.cache/codacy/codacy-cli-v2/1.0.0-main.360.sha.06bb49b/codacy-cli-v2 analyze /mnt/lfs/home/jgm/Desktop/Rust/mokkan/mokkan_app/pnpm-workspace.yaml --format sarif] args=[/mnt/lfs/home/jgm/Desktop/Rust/mokkan/mokkan_app/pnpm-workspace.yaml]
2025-10-22T01:37:19+09:00 [INFO] (codacy-cli-v2/cmd/analyze.go:341) Config file found for tool tool=trivy toolConfigPath=.codacy/tools-configs/trivy.yaml
2025-10-22T01:37:19+09:00 [INFO] (codacy-cli-v2/cmd/analyze.go:341) Config file found for tool tool=semgrep toolConfigPath=.codacy/tools-configs/semgrep.yaml
2025-10-22T01:38:31+09:00 [INFO] (codacy-cli-v2/cli-v2.go:27) Starting Codacy CLI version=1.0.0-main.360.sha.06bb49b (06bb49b) built at 2025-10-21T10:02:19Z
2025-10-22T01:38:31+09:00 [INFO] (codacy-cli-v2/cmd/root.go:34) Executing CLI command command=discover full_command=[/home/jungamer/.cache/codacy/codacy-cli-v2/1.0.0-main.360.sha.06bb49b/codacy-cli-v2 config discover /mnt/lfs/home/jgm/Desktop/Rust/mokkan/mokkan_app/.env] args=[/mnt/lfs/home/jgm/Desktop/Rust/mokkan/mokkan_app/.env]
2025-10-22T01:38:35+09:00 [INFO] (codacy-cli-v2/cli-v2.go:27) Starting Codacy CLI version=1.0.0-main.360.sha.06bb49b (06bb49b) built at 2025-10-21T10:02:19Z
2025-10-22T01:38:35+09:00 [INFO] (codacy-cli-v2/cmd/root.go:34) Executing CLI command command=analyze full_command=[/home/jungamer/.cache/codacy/codacy-cli-v2/1.0.0-main.360.sha.06bb49b/codacy-cli-v2 analyze /mnt/lfs/home/jgm/Desktop/Rust/mokkan/mokkan_app/.env --format sarif] args=[/mnt/lfs/home/jgm/Desktop/Rust/mokkan/mokkan_app/.env]
2025-10-22T01:39:09+09:00 [INFO] (codacy-cli-v2/cli-v2.go:27) Starting Codacy CLI version=1.0.0-main.360.sha.06bb49b (06bb49b) built at 2025-10-21T10:02:19Z
2025-10-22T01:39:09+09:00 [INFO] (codacy-cli-v2/cmd/root.go:34) Executing CLI command args=[/mnt/lfs/home/jgm/Desktop/Rust/mokkan/mokkan_app/frontend/vite.config.ts] command=analyze full_command=[/home/jungamer/.cache/codacy/codacy-cli-v2/1.0.0-main.360.sha.06bb49b/codacy-cli-v2 analyze /mnt/lfs/home/jgm/Desktop/Rust/mokkan/mokkan_app/frontend/vite.config.ts --format sarif]
2025-10-22T01:39:09+09:00 [INFO] (codacy-cli-v2/cmd/analyze.go:341) Config file found for tool tool=eslint toolConfigPath=.codacy/tools-configs/eslint.config.mjs
2025-10-22T01:39:09+09:00 [INFO] (codacy-cli-v2/cmd/analyze.go:341) Config file found for tool tool=lizard toolConfigPath=.codacy/tools-configs/lizard.yaml
2025-10-22T01:39:09+09:00 [INFO] (codacy-cli-v2/cmd/analyze.go:341) Config file found for tool tool=semgrep toolConfigPath=.codacy/tools-configs/semgrep.yaml
2025-10-22T01:39:15+09:00 [INFO] (codacy-cli-v2/cmd/analyze.go:341) Config file found for tool tool=trivy toolConfigPath=.codacy/tools-configs/trivy.yaml
2025-10-22T01:51:05+09:00 [INFO] (codacy-cli-v2/cli-v2.go:27) Starting Codacy CLI version=1.0.0-main.360.sha.06bb49b (06bb49b) built at 2025-10-21T10:02:19Z
2025-10-22T01:51:05+09:00 [INFO] (codacy-cli-v2/cmd/root.go:34) Executing CLI command command=analyze full_command=[/home/jungamer/.cache/codacy/codacy-cli-v2/1.0.0-main.360.sha.06bb49b/codacy-cli-v2 analyze /mnt/lfs/home/jgm/Desktop/Rust/mokkan/mokkan_app/.gitignore --format sarif] args=[/mnt/lfs/home/jgm/Desktop/Rust/mokkan/mokkan_app/.gitignore]
2025-10-22T01:51:19+09:00 [INFO] (codacy-cli-v2/cli-v2.go:27) Starting Codacy CLI version=1.0.0-main.360.sha.06bb49b (06bb49b) built at 2025-10-21T10:02:19Z
2025-10-22T01:51:19+09:00 [INFO] (codacy-cli-v2/cmd/root.go:34) Executing CLI command full_command=[/home/jungamer/.cache/codacy/codacy-cli-v2/1.0.0-main.360.sha.06bb49b/codacy-cli-v2 analyze /mnt/lfs/home/jgm/Desktop/Rust/mokkan/mokkan_app/.env --format sarif] args=[/mnt/lfs/home/jgm/Desktop/Rust/mokkan/mokkan_app/.env] command=analyze
2025-10-22T01:51:29+09:00 [INFO] (codacy-cli-v2/cli-v2.go:27) Starting Codacy CLI version=1.0.0-main.360.sha.06bb49b (06bb49b) built at 2025-10-21T10:02:19Z
2025-10-22T01:51:29+09:00 [INFO] (codacy-cli-v2/cmd/root.go:34) Executing CLI command full_command=[/home/jungamer/.cache/codacy/codacy-cli-v2/1.0.0-main.360.sha.06bb49b/codacy-cli-v2 analyze /mnt/lfs/home/jgm/Desktop/Rust/mokkan/mokkan_app/.gitignore --format sarif] args=[/mnt/lfs/home/jgm/Desktop/Rust/mokkan/mokkan_app/.gitignore] command=analyze
2025-10-22T02:23:03+09:00 [INFO] (codacy-cli-v2/cli-v2.go:27) Starting Codacy CLI version=1.0.0-main.360.sha.06bb49b (06bb49b) built at 2025-10-21T10:02:19Z
2025-10-22T02:23:03+09:00 [INFO] (codacy-cli-v2/cmd/root.go:34) Executing CLI command command=analyze full_command=[/home/jungamer/.cache/codacy/codacy-cli-v2/1.0.0-main.360.sha.06bb49b/codacy-cli-v2 analyze /mnt/lfs/home/jgm/Desktop/Rust/mokkan/mokkan_app/BACKEND_README.md --format sarif] args=[/mnt/lfs/home/jgm/Desktop/Rust/mokkan/mokkan_app/BACKEND_README.md]
2025-10-22T02:23:09+09:00 [INFO] (codacy-cli-v2/cli-v2.go:27) Starting Codacy CLI version=1.0.0-main.360.sha.06bb49b (06bb49b) built at 2025-10-21T10:02:19Z
2025-10-22T02:23:09+09:00 [INFO] (codacy-cli-v2/cmd/root.go:34) Executing CLI command command=analyze full_command=[/home/jungamer/.cache/codacy/codacy-cli-v2/1.0.0-main.360.sha.06bb49b/codacy-cli-v2 analyze /mnt/lfs/home/jgm/Desktop/Rust/mokkan/mokkan_app/frontend/package.json --format sarif] args=[/mnt/lfs/home/jgm/Desktop/Rust/mokkan/mokkan_app/frontend/package.json]
2025-10-22T02:23:09+09:00 [INFO] (codacy-cli-v2/cmd/analyze.go:341) Config file found for tool tool=trivy toolConfigPath=.codacy/tools-configs/trivy.yaml
